#
# A fatal error has been detected by the Java Runtime Environment:
#
#  EXCEPTION_ACCESS_VIOLATION (0xc0000005) at pc=0x00007fff389b7def, pid=6252, tid=4080
#
# JRE version: OpenJDK Runtime Environment Corretto-11.0.22.7.1 (11.0.22+7) (build 11.0.22+7-LTS)
# Java VM: OpenJDK 64-Bit Server VM Corretto-11.0.22.7.1 (11.0.22+7-LTS, mixed mode, tiered, compressed oops, g1 gc, windows-amd64)
# Problematic frame:
# V  [jvm.dll+0x127def]
#
# No core dump will be written. Minidumps are not enabled by default on client versions of Windows
#
# If you would like to submit a bug report, please visit:
#   https://github.com/corretto/corretto-11/issues/
#

---------------  S U M M A R Y ------------

Command Line: -Dmaven.multiModuleProjectDirectory=C:\Users\MariMax\IdeaProjects\OOPII -Djansi.passthrough=true -Dmaven.home=C:\Program Files\JetBrains\IntelliJ IDEA Community Edition 2023.3.6\plugins\maven\lib\maven3 -Dclassworlds.conf=C:\Program Files\JetBrains\IntelliJ IDEA Community Edition 2023.3.6\plugins\maven\lib\maven3\bin\m2.conf -Dmaven.ext.class.path=C:\Program Files\JetBrains\IntelliJ IDEA Community Edition 2023.3.6\plugins\maven\lib\maven-event-listener.jar -javaagent:C:\Program Files\JetBrains\IntelliJ IDEA Community Edition 2023.3.6\lib\idea_rt.jar=52975:C:\Program Files\JetBrains\IntelliJ IDEA Community Edition 2023.3.6\bin -Dfile.encoding=UTF-8 org.codehaus.classworlds.Launcher -Didea.version=2023.3.6 clean verify

Host: Intel(R) Core(TM) i3-6100 CPU @ 3.70GHz, 4 cores, 7G,  Windows 10 , 64 bit Build 19041 (10.0.19041.3393)
Time: Wed Jul 17 16:03:29 2024 RTZ 2 (s 10 , 64 bit Build 19041 (10.0.19041.3393) elapsed time: 12.285055 seconds (0d 0h 0m 12s)

---------------  T H R E A D  ---------------

Current thread (0x000001fb88730000):  JavaThread "C2 CompilerThread1" daemon [_thread_in_native, id=4080, stack(0x0000004cdea00000,0x0000004cdeb00000)]


Current CompileTask:
C2:  12285 4541   !   4       jdk.internal.loader.BuiltinClassLoader::loadClassOrNull (143 bytes)

Stack: [0x0000004cdea00000,0x0000004cdeb00000],  sp=0x0000004cdeafc410,  free space=1009k
Native frames: (J=compiled Java code, j=interpreted, Vv=VM code, C=native code)
V  [jvm.dll+0x127def]
V  [jvm.dll+0x125e65]
V  [jvm.dll+0x221972]
V  [jvm.dll+0x220748]
V  [jvm.dll+0x19e521]
V  [jvm.dll+0x2305e9]
V  [jvm.dll+0x22e75f]
V  [jvm.dll+0x79ae51]
V  [jvm.dll+0x793b24]
V  [jvm.dll+0x644615]
C  [ucrtbase.dll+0x21bb2]
C  [KERNEL32.DLL+0x17344]
C  [ntdll.dll+0x526b1]


siginfo: EXCEPTION_ACCESS_VIOLATION (0xc0000005), reading address 0x000001f986607a20


Register to memory mapping:

RIP=0x00007fff389b7def jvm.dll
RAX=0x000001fb88da26d0 points into unknown readable memory: 0x0000000000000000 | 00 00 00 00 00 00 00 00
RBX=0x000001fb8660b630 points into unknown readable memory: 0x0000000000000045 | 45 00 00 00 00 00 00 00
RCX=0x0000000000000045 is an unknown value
RDX=0x0000000000000045 is an unknown value
RSP=0x0000004cdeafc410 is pointing into the stack for thread: 0x000001fb88730000
RBP=0x000000000000040c is an unknown value
RSI=0x000001fb888a3738 points into unknown readable memory: 0x00007fff3913b668 | 68 b6 13 39 ff 7f 00 00
RDI=0x000001f986607a00 is an unknown value
R8 =0x0000000000000045 is an unknown value
R9 =0x000001fb86917000 points into unknown readable memory: 0x0000000100000000 | 00 00 00 00 01 00 00 00
R10=0x000001fb86607a30 points into unknown readable memory: 0x000001fb87304368 | 68 43 30 87 fb 01 00 00
R11=0x000001fb86915690 points into unknown readable memory: 0x0000080000000652 | 52 06 00 00 00 08 00 00
R12=0xffffffffffffcd6f is an unknown value
R13=0x000001fb87304368 points into unknown readable memory: 0x00007fff3913b668 | 68 b6 13 39 ff 7f 00 00
R14=0x000000000000040c is an unknown value
R15=0x0000004cdeafc4e0 is pointing into the stack for thread: 0x000001fb88730000


Registers:
RAX=0x000001fb88da26d0, RBX=0x000001fb8660b630, RCX=0x0000000000000045, RDX=0x0000000000000045
RSP=0x0000004cdeafc410, RBP=0x000000000000040c, RSI=0x000001fb888a3738, RDI=0x000001f986607a00
R8 =0x0000000000000045, R9 =0x000001fb86917000, R10=0x000001fb86607a30, R11=0x000001fb86915690
R12=0xffffffffffffcd6f, R13=0x000001fb87304368, R14=0x000000000000040c, R15=0x0000004cdeafc4e0
RIP=0x00007fff389b7def, EFLAGS=0x0000000000010246

Top of Stack: (sp=0x0000004cdeafc410)
0x0000004cdeafc410:   000001fb8730c9d0 000001fb8730c180
0x0000004cdeafc420:   000001fb8895c8a0 000001fb8679d400
0x0000004cdeafc430:   0000000000003288 000001fb88da16c0
0x0000004cdeafc440:   0000000000000651 00007fff389b5e65
0x0000004cdeafc450:   0000000000001944 000001fb86aeef80
0x0000004cdeafc460:   000001fb86915690 0000004cdeafc4e0
0x0000004cdeafc470:   00007fff3915fe40 0000000000000008
0x0000004cdeafc480:   00007fff3913aa18 0000000000000000
0x0000004cdeafc490:   000001fb86d52720 000001fb86d52710
0x0000004cdeafc4a0:   0000004cdeafc5b0 00007fff38ab1972
0x0000004cdeafc4b0:   00000000002af4e8 000001fb88da26d0
0x0000004cdeafc4c0:   000001fb88da96a8 0000004cdeafeb90
0x0000004cdeafc4d0:   0000000000000000 0000000000000000
0x0000004cdeafc4e0:   000001fb00000008 0000004cdeafeb90
0x0000004cdeafc4f0:   0000004cdeafc5a0 000001fb86915660
0x0000004cdeafc500:   000001fb88da26d0 000001fb88da5960 

Instructions: (pc=0x00007fff389b7def)
0x00007fff389b7cef:   f6 44 39 30 0f 8e 76 01 00 00 48 89 6c 24 48 33
0x00007fff389b7cff:   ed 48 89 5c 24 40 48 89 74 24 50 48 89 7c 24 58
0x00007fff389b7d0f:   4c 89 6c 24 20 0f 1f 40 00 0f 1f 84 00 00 00 00
0x00007fff389b7d1f:   00 48 8b 40 18 4c 8b 14 e8 41 83 7a 18 00 0f 85
0x00007fff389b7d2f:   10 01 00 00 80 3d 17 a0 95 00 00 4d 8b 2a 49 8b
0x00007fff389b7d3f:   72 08 75 19 41 8b 45 68 39 46 68 77 10 48 8b d6
0x00007fff389b7d4f:   48 8b ce e8 89 20 00 00 e9 e7 00 00 00 45 8b 45
0x00007fff389b7d5f:   4c 4d 8b 5f 38 4d 8b 4b 08 43 8b 04 81 41 3b c0
0x00007fff389b7d6f:   74 24 8b d0 8b c8 41 8b 04 89 3b c2 75 f4 44 3b
0x00007fff389b7d7f:   c0 74 13 49 8b 4b 08 41 8b d0 44 8b 04 91 89 04
0x00007fff389b7d8f:   91 44 3b c0 75 ed 4d 8b 5f 38 49 8b 47 20 41 8b
0x00007fff389b7d9f:   c8 44 8b 46 4c 4d 8b 4b 08 48 8b 3c c8 43 8b 14
0x00007fff389b7daf:   81 41 3b d0 74 2f 66 66 66 0f 1f 84 00 00 00 00
0x00007fff389b7dbf:   00 8b ca 8b c2 41 8b 14 81 3b d1 75 f4 44 3b c2
0x00007fff389b7dcf:   74 13 49 8b 43 08 41 8b c8 44 8b 04 88 89 14 88
0x00007fff389b7ddf:   44 3b c2 75 ed 49 8b 47 20 41 8b c8 48 8b 1c c8
0x00007fff389b7def:   4c 39 6f 20 75 4e 48 3b fb 75 1e 49 8b d2 41 c7
0x00007fff389b7dff:   42 18 02 00 00 00 48 8b cb e8 f3 e2 ff ff 84 c0
0x00007fff389b7e0f:   74 32 45 33 f6 33 ed eb 2b 48 39 73 18 75 25 41
0x00007fff389b7e1f:   c7 42 18 01 00 00 00 4c 8b c3 48 8b 57 20 48 8b
0x00007fff389b7e2f:   cf e8 eb 01 00 00 4c 8b c3 48 8b d7 49 8b cf e8
0x00007fff389b7e3f:   6d 22 00 00 49 8b 47 18 41 ff c6 48 ff c5 44 3b
0x00007fff389b7e4f:   30 0f 8c ca fe ff ff 4c 8b 6c 24 20 48 8b 7c 24
0x00007fff389b7e5f:   58 48 8b 74 24 50 48 8b 6c 24 48 48 8b 5c 24 40
0x00007fff389b7e6f:   48 83 c4 28 41 5f 41 5e c3 cc cc cc cc cc cc cc
0x00007fff389b7e7f:   cc 48 89 5c 24 08 48 89 74 24 10 48 89 7c 24 18
0x00007fff389b7e8f:   41 56 48 83 ec 20 8b 79 28 33 db ff cf 48 8b f1
0x00007fff389b7e9f:   3b 79 18 73 0a 48 8b 41 20 4c 8b 34 f8 eb 03 4c
0x00007fff389b7eaf:   8b f3 49 8b 06 49 8b ce ff 50 20 49 3b c6 74 03
0x00007fff389b7ebf:   2b 7e 48 3b 7e 18 73 08 48 8b 46 20 48 8b 1c f8
0x00007fff389b7ecf:   8b 43 2c 83 e0 3f 3c 2a 75 07 48 8b 43 08 48 8b
0x00007fff389b7edf:   18 8b 43 2c 83 e0 1f 3c 1d 75 07 48 8b 43 08 48 


Stack slot to memory mapping:
stack at sp + 0 slots: 0x000001fb8730c9d0 points into unknown readable memory: 0x000001fb0000061b | 1b 06 00 00 fb 01 00 00
stack at sp + 1 slots: 0x000001fb8730c180 points into unknown readable memory: 0x000000000000061b | 1b 06 00 00 00 00 00 00
stack at sp + 2 slots: 0x000001fb8895c8a0 points into unknown readable memory: 0x00007fff3913b668 | 68 b6 13 39 ff 7f 00 00
stack at sp + 3 slots: 0x000001fb8679d400 points into unknown readable memory: 0x00007fff00000440 | 40 04 00 00 ff 7f 00 00
stack at sp + 4 slots: 0x0000000000003288 is an unknown value
stack at sp + 5 slots: 0x000001fb88da16c0 points into unknown readable memory: 0x000001fb869123c0 | c0 23 91 86 fb 01 00 00
stack at sp + 6 slots: 0x0000000000000651 is an unknown value
stack at sp + 7 slots: 0x00007fff389b5e65 jvm.dll


---------------  P R O C E S S  ---------------

Threads class SMR info:
_java_thread_list=0x000001fb86da5d60, length=12, elements={
0x000001fbe6ad1800, 0x000001fbff33a000, 0x000001fbff344000, 0x000001fb85f42800,
0x000001fbff349000, 0x000001fbff34a800, 0x000001fbff34e800, 0x000001fbff354800,
0x000001fbff35e800, 0x000001fb86096000, 0x000001fb86147800, 0x000001fb88730000
}

Java Threads: ( => current thread )
  0x000001fbe6ad1800 JavaThread "main" [_thread_in_vm, id=4216, stack(0x0000004cdd800000,0x0000004cdd900000)]
  0x000001fbff33a000 JavaThread "Reference Handler" daemon [_thread_blocked, id=4288, stack(0x0000004cddf00000,0x0000004cde000000)]
  0x000001fbff344000 JavaThread "Finalizer" daemon [_thread_blocked, id=1668, stack(0x0000004cde000000,0x0000004cde100000)]
  0x000001fb85f42800 JavaThread "Signal Dispatcher" daemon [_thread_blocked, id=6716, stack(0x0000004cde100000,0x0000004cde200000)]
  0x000001fbff349000 JavaThread "Attach Listener" daemon [_thread_blocked, id=6420, stack(0x0000004cde200000,0x0000004cde300000)]
  0x000001fbff34a800 JavaThread "Service Thread" daemon [_thread_blocked, id=7912, stack(0x0000004cde300000,0x0000004cde400000)]
  0x000001fbff34e800 JavaThread "C2 CompilerThread0" daemon [_thread_blocked, id=4084, stack(0x0000004cde400000,0x0000004cde500000)]
  0x000001fbff354800 JavaThread "C1 CompilerThread0" daemon [_thread_blocked, id=4812, stack(0x0000004cde500000,0x0000004cde600000)]
  0x000001fbff35e800 JavaThread "Sweeper thread" daemon [_thread_blocked, id=4264, stack(0x0000004cde600000,0x0000004cde700000)]
  0x000001fb86096000 JavaThread "Common-Cleaner" daemon [_thread_blocked, id=8440, stack(0x0000004cde700000,0x0000004cde800000)]
  0x000001fb86147800 JavaThread "Monitor Ctrl-Break" daemon [_thread_in_native, id=5076, stack(0x0000004cde800000,0x0000004cde900000)]
=>0x000001fb88730000 JavaThread "C2 CompilerThread1" daemon [_thread_in_native, id=4080, stack(0x0000004cdea00000,0x0000004cdeb00000)]

Other Threads:
  0x000001fbff323800 VMThread "VM Thread" [stack: 0x0000004cdde00000,0x0000004cddf00000] [id=5556]
  0x000001fb86282000 WatcherThread [stack: 0x0000004cde900000,0x0000004cdea00000] [id=664]
  0x000001fbe6aea000 GCTaskThread "GC Thread#0" [stack: 0x0000004cdd900000,0x0000004cdda00000] [id=1476]
  0x000001fb8672b800 GCTaskThread "GC Thread#1" [stack: 0x0000004cdeb00000,0x0000004cdec00000] [id=2780]
  0x000001fb8672c000 GCTaskThread "GC Thread#2" [stack: 0x0000004cdec00000,0x0000004cded00000] [id=8052]
  0x000001fbe6b1a000 ConcurrentGCThread "G1 Main Marker" [stack: 0x0000004cdda00000,0x0000004cddb00000] [id=6956]
  0x000001fbe6b1b800 ConcurrentGCThread "G1 Conc#0" [stack: 0x0000004cddb00000,0x0000004cddc00000] [id=5660]
  0x000001fbe6bac000 ConcurrentGCThread "G1 Refine#0" [stack: 0x0000004cddc00000,0x0000004cddd00000] [id=8772]
  0x000001fbe6bad000 ConcurrentGCThread "G1 Young RemSet Sampling" [stack: 0x0000004cddd00000,0x0000004cdde00000] [id=8588]

Threads with active compile tasks:
C2 CompilerThread1    12317 4541   !   4       jdk.internal.loader.BuiltinClassLoader::loadClassOrNull (143 bytes)

VM state:not at safepoint (normal execution)

VM Mutex/Monitor currently owned by a thread: None

Heap address: 0x0000000082000000, size: 2016 MB, Compressed Oops mode: 32-bit
Narrow klass base: 0x0000000000000000, Narrow klass shift: 3
Compressed class space size: 1073741824 Address: 0x0000000100000000

Heap:
 garbage-first heap   total 155648K, used 19911K [0x0000000082000000, 0x0000000100000000)
  region size 1024K, 5 young (5120K), 2 survivors (2048K)
 Metaspace       used 35192K, capacity 36077K, committed 36144K, reserved 1081344K
  class space    used 3823K, capacity 4163K, committed 4224K, reserved 1048576K
Heap Regions: E=young(eden), S=young(survivor), O=old, HS=humongous(starts), HC=humongous(continues), CS=collection set, F=free, A=archive, TAMS=top-at-mark-start (previous, next)
|   0|0x0000000082000000, 0x0000000082100000, 0x0000000082100000|100%| O|  |TAMS 0x0000000082100000, 0x0000000082000000| Untracked 
|   1|0x0000000082100000, 0x0000000082200000, 0x0000000082200000|100%| O|  |TAMS 0x0000000082200000, 0x0000000082100000| Untracked 
|   2|0x0000000082200000, 0x0000000082300000, 0x0000000082300000|100%| O|  |TAMS 0x0000000082300000, 0x0000000082200000| Untracked 
|   3|0x0000000082300000, 0x0000000082400000, 0x0000000082400000|100%| O|  |TAMS 0x0000000082400000, 0x0000000082300000| Untracked 
|   4|0x0000000082400000, 0x0000000082500000, 0x0000000082500000|100%| O|  |TAMS 0x0000000082500000, 0x0000000082400000| Untracked 
|   5|0x0000000082500000, 0x0000000082600000, 0x0000000082600000|100%| O|  |TAMS 0x0000000082600000, 0x0000000082500000| Untracked 
|   6|0x0000000082600000, 0x0000000082700000, 0x0000000082700000|100%| O|  |TAMS 0x0000000082700000, 0x0000000082600000| Untracked 
|   7|0x0000000082700000, 0x0000000082800000, 0x0000000082800000|100%| O|  |TAMS 0x0000000082800000, 0x0000000082700000| Untracked 
|   8|0x0000000082800000, 0x0000000082900000, 0x0000000082900000|100%| O|  |TAMS 0x0000000082900000, 0x0000000082800000| Untracked 
|   9|0x0000000082900000, 0x0000000082a00000, 0x0000000082a00000|100%| O|  |TAMS 0x0000000082a00000, 0x0000000082900000| Untracked 
|  10|0x0000000082a00000, 0x0000000082b00000, 0x0000000082b00000|100%| O|  |TAMS 0x0000000082b00000, 0x0000000082a00000| Untracked 
|  11|0x0000000082b00000, 0x0000000082c00000, 0x0000000082c00000|100%| O|  |TAMS 0x0000000082c00000, 0x0000000082b00000| Untracked 
|  12|0x0000000082c00000, 0x0000000082d00000, 0x0000000082d00000|100%| O|  |TAMS 0x0000000082d00000, 0x0000000082c00000| Untracked 
|  13|0x0000000082d00000, 0x0000000082e00000, 0x0000000082e00000|100%| O|  |TAMS 0x0000000082e00000, 0x0000000082d00000| Untracked 
|  14|0x0000000082e00000, 0x0000000082f00000, 0x0000000082f00000|100%| O|  |TAMS 0x0000000082f00000, 0x0000000082e00000| Untracked 
|  15|0x0000000082f00000, 0x0000000082ff1c00, 0x0000000083000000| 94%| O|  |TAMS 0x0000000082ff1c00, 0x0000000082f00000| Untracked 
|  16|0x0000000083000000, 0x0000000083000000, 0x0000000083100000|  0%| F|  |TAMS 0x0000000083000000, 0x0000000083000000| Untracked 
|  17|0x0000000083100000, 0x0000000083100000, 0x0000000083200000|  0%| F|  |TAMS 0x0000000083100000, 0x0000000083100000| Untracked 
|  18|0x0000000083200000, 0x0000000083200000, 0x0000000083300000|  0%| F|  |TAMS 0x0000000083200000, 0x0000000083200000| Untracked 
|  19|0x0000000083300000, 0x0000000083300000, 0x0000000083400000|  0%| F|  |TAMS 0x0000000083300000, 0x0000000083300000| Untracked 
|  20|0x0000000083400000, 0x0000000083400000, 0x0000000083500000|  0%| F|  |TAMS 0x0000000083400000, 0x0000000083400000| Untracked 
|  21|0x0000000083500000, 0x0000000083500000, 0x0000000083600000|  0%| F|  |TAMS 0x0000000083500000, 0x0000000083500000| Untracked 
|  22|0x0000000083600000, 0x0000000083600000, 0x0000000083700000|  0%| F|  |TAMS 0x0000000083600000, 0x0000000083600000| Untracked 
|  23|0x0000000083700000, 0x0000000083700000, 0x0000000083800000|  0%| F|  |TAMS 0x0000000083700000, 0x0000000083700000| Untracked 
|  24|0x0000000083800000, 0x0000000083800000, 0x0000000083900000|  0%| F|  |TAMS 0x0000000083800000, 0x0000000083800000| Untracked 
|  25|0x0000000083900000, 0x0000000083900000, 0x0000000083a00000|  0%| F|  |TAMS 0x0000000083900000, 0x0000000083900000| Untracked 
|  26|0x0000000083a00000, 0x0000000083a00000, 0x0000000083b00000|  0%| F|  |TAMS 0x0000000083a00000, 0x0000000083a00000| Untracked 
|  27|0x0000000083b00000, 0x0000000083b00000, 0x0000000083c00000|  0%| F|  |TAMS 0x0000000083b00000, 0x0000000083b00000| Untracked 
|  28|0x0000000083c00000, 0x0000000083c00000, 0x0000000083d00000|  0%| F|  |TAMS 0x0000000083c00000, 0x0000000083c00000| Untracked 
|  29|0x0000000083d00000, 0x0000000083d00000, 0x0000000083e00000|  0%| F|  |TAMS 0x0000000083d00000, 0x0000000083d00000| Untracked 
|  30|0x0000000083e00000, 0x0000000083e00000, 0x0000000083f00000|  0%| F|  |TAMS 0x0000000083e00000, 0x0000000083e00000| Untracked 
|  31|0x0000000083f00000, 0x0000000083f00000, 0x0000000084000000|  0%| F|  |TAMS 0x0000000083f00000, 0x0000000083f00000| Untracked 
|  32|0x0000000084000000, 0x0000000084000000, 0x0000000084100000|  0%| F|  |TAMS 0x0000000084000000, 0x0000000084000000| Untracked 
|  33|0x0000000084100000, 0x0000000084100000, 0x0000000084200000|  0%| F|  |TAMS 0x0000000084100000, 0x0000000084100000| Untracked 
|  34|0x0000000084200000, 0x0000000084200000, 0x0000000084300000|  0%| F|  |TAMS 0x0000000084200000, 0x0000000084200000| Untracked 
|  35|0x0000000084300000, 0x0000000084300000, 0x0000000084400000|  0%| F|  |TAMS 0x0000000084300000, 0x0000000084300000| Untracked 
|  36|0x0000000084400000, 0x0000000084400000, 0x0000000084500000|  0%| F|  |TAMS 0x0000000084400000, 0x0000000084400000| Untracked 
|  37|0x0000000084500000, 0x0000000084500000, 0x0000000084600000|  0%| F|  |TAMS 0x0000000084500000, 0x0000000084500000| Untracked 
|  38|0x0000000084600000, 0x0000000084600000, 0x0000000084700000|  0%| F|  |TAMS 0x0000000084600000, 0x0000000084600000| Untracked 
|  39|0x0000000084700000, 0x0000000084700000, 0x0000000084800000|  0%| F|  |TAMS 0x0000000084700000, 0x0000000084700000| Untracked 
|  40|0x0000000084800000, 0x0000000084800000, 0x0000000084900000|  0%| F|  |TAMS 0x0000000084800000, 0x0000000084800000| Untracked 
|  41|0x0000000084900000, 0x0000000084900000, 0x0000000084a00000|  0%| F|  |TAMS 0x0000000084900000, 0x0000000084900000| Untracked 
|  42|0x0000000084a00000, 0x0000000084a00000, 0x0000000084b00000|  0%| F|  |TAMS 0x0000000084a00000, 0x0000000084a00000| Untracked 
|  43|0x0000000084b00000, 0x0000000084b00000, 0x0000000084c00000|  0%| F|  |TAMS 0x0000000084b00000, 0x0000000084b00000| Untracked 
|  44|0x0000000084c00000, 0x0000000084c00000, 0x0000000084d00000|  0%| F|  |TAMS 0x0000000084c00000, 0x0000000084c00000| Untracked 
|  45|0x0000000084d00000, 0x0000000084d00000, 0x0000000084e00000|  0%| F|  |TAMS 0x0000000084d00000, 0x0000000084d00000| Untracked 
|  46|0x0000000084e00000, 0x0000000084e00000, 0x0000000084f00000|  0%| F|  |TAMS 0x0000000084e00000, 0x0000000084e00000| Untracked 
|  47|0x0000000084f00000, 0x0000000084f00000, 0x0000000085000000|  0%| F|  |TAMS 0x0000000084f00000, 0x0000000084f00000| Untracked 
|  48|0x0000000085000000, 0x0000000085000000, 0x0000000085100000|  0%| F|  |TAMS 0x0000000085000000, 0x0000000085000000| Untracked 
|  49|0x0000000085100000, 0x0000000085100000, 0x0000000085200000|  0%| F|  |TAMS 0x0000000085100000, 0x0000000085100000| Untracked 
|  50|0x0000000085200000, 0x0000000085200000, 0x0000000085300000|  0%| F|  |TAMS 0x0000000085200000, 0x0000000085200000| Untracked 
|  51|0x0000000085300000, 0x0000000085300000, 0x0000000085400000|  0%| F|  |TAMS 0x0000000085300000, 0x0000000085300000| Untracked 
|  52|0x0000000085400000, 0x0000000085400000, 0x0000000085500000|  0%| F|  |TAMS 0x0000000085400000, 0x0000000085400000| Untracked 
|  53|0x0000000085500000, 0x0000000085500000, 0x0000000085600000|  0%| F|  |TAMS 0x0000000085500000, 0x0000000085500000| Untracked 
|  54|0x0000000085600000, 0x0000000085600000, 0x0000000085700000|  0%| F|  |TAMS 0x0000000085600000, 0x0000000085600000| Untracked 
|  55|0x0000000085700000, 0x0000000085700000, 0x0000000085800000|  0%| F|  |TAMS 0x0000000085700000, 0x0000000085700000| Untracked 
|  56|0x0000000085800000, 0x0000000085800000, 0x0000000085900000|  0%| F|  |TAMS 0x0000000085800000, 0x0000000085800000| Untracked 
|  57|0x0000000085900000, 0x0000000085900000, 0x0000000085a00000|  0%| F|  |TAMS 0x0000000085900000, 0x0000000085900000| Untracked 
|  58|0x0000000085a00000, 0x0000000085a00000, 0x0000000085b00000|  0%| F|  |TAMS 0x0000000085a00000, 0x0000000085a00000| Untracked 
|  59|0x0000000085b00000, 0x0000000085b00000, 0x0000000085c00000|  0%| F|  |TAMS 0x0000000085b00000, 0x0000000085b00000| Untracked 
|  60|0x0000000085c00000, 0x0000000085c00000, 0x0000000085d00000|  0%| F|  |TAMS 0x0000000085c00000, 0x0000000085c00000| Untracked 
|  61|0x0000000085d00000, 0x0000000085d00000, 0x0000000085e00000|  0%| F|  |TAMS 0x0000000085d00000, 0x0000000085d00000| Untracked 
|  62|0x0000000085e00000, 0x0000000085e00000, 0x0000000085f00000|  0%| F|  |TAMS 0x0000000085e00000, 0x0000000085e00000| Untracked 
|  63|0x0000000085f00000, 0x0000000085f00000, 0x0000000086000000|  0%| F|  |TAMS 0x0000000085f00000, 0x0000000085f00000| Untracked 
|  64|0x0000000086000000, 0x0000000086000000, 0x0000000086100000|  0%| F|  |TAMS 0x0000000086000000, 0x0000000086000000| Untracked 
|  65|0x0000000086100000, 0x0000000086100000, 0x0000000086200000|  0%| F|  |TAMS 0x0000000086100000, 0x0000000086100000| Untracked 
|  66|0x0000000086200000, 0x0000000086200000, 0x0000000086300000|  0%| F|  |TAMS 0x0000000086200000, 0x0000000086200000| Untracked 
|  67|0x0000000086300000, 0x0000000086300000, 0x0000000086400000|  0%| F|  |TAMS 0x0000000086300000, 0x0000000086300000| Untracked 
|  68|0x0000000086400000, 0x0000000086400000, 0x0000000086500000|  0%| F|  |TAMS 0x0000000086400000, 0x0000000086400000| Untracked 
|  69|0x0000000086500000, 0x0000000086500000, 0x0000000086600000|  0%| F|  |TAMS 0x0000000086500000, 0x0000000086500000| Untracked 
|  70|0x0000000086600000, 0x0000000086600000, 0x0000000086700000|  0%| F|  |TAMS 0x0000000086600000, 0x0000000086600000| Untracked 
|  71|0x0000000086700000, 0x0000000086700000, 0x0000000086800000|  0%| F|  |TAMS 0x0000000086700000, 0x0000000086700000| Untracked 
|  72|0x0000000086800000, 0x0000000086800000, 0x0000000086900000|  0%| F|  |TAMS 0x0000000086800000, 0x0000000086800000| Untracked 
|  73|0x0000000086900000, 0x0000000086900000, 0x0000000086a00000|  0%| F|  |TAMS 0x0000000086900000, 0x0000000086900000| Untracked 
|  74|0x0000000086a00000, 0x0000000086a00000, 0x0000000086b00000|  0%| F|  |TAMS 0x0000000086a00000, 0x0000000086a00000| Untracked 
|  75|0x0000000086b00000, 0x0000000086b00000, 0x0000000086c00000|  0%| F|  |TAMS 0x0000000086b00000, 0x0000000086b00000| Untracked 
|  76|0x0000000086c00000, 0x0000000086c00000, 0x0000000086d00000|  0%| F|  |TAMS 0x0000000086c00000, 0x0000000086c00000| Untracked 
|  77|0x0000000086d00000, 0x0000000086d00000, 0x0000000086e00000|  0%| F|  |TAMS 0x0000000086d00000, 0x0000000086d00000| Untracked 
|  78|0x0000000086e00000, 0x0000000086e00000, 0x0000000086f00000|  0%| F|  |TAMS 0x0000000086e00000, 0x0000000086e00000| Untracked 
|  79|0x0000000086f00000, 0x0000000086f00000, 0x0000000087000000|  0%| F|  |TAMS 0x0000000086f00000, 0x0000000086f00000| Untracked 
|  80|0x0000000087000000, 0x0000000087000000, 0x0000000087100000|  0%| F|  |TAMS 0x0000000087000000, 0x0000000087000000| Untracked 
|  81|0x0000000087100000, 0x0000000087100000, 0x0000000087200000|  0%| F|  |TAMS 0x0000000087100000, 0x0000000087100000| Untracked 
|  82|0x0000000087200000, 0x0000000087200000, 0x0000000087300000|  0%| F|  |TAMS 0x0000000087200000, 0x0000000087200000| Untracked 
|  83|0x0000000087300000, 0x0000000087300000, 0x0000000087400000|  0%| F|  |TAMS 0x0000000087300000, 0x0000000087300000| Untracked 
|  84|0x0000000087400000, 0x0000000087400000, 0x0000000087500000|  0%| F|  |TAMS 0x0000000087400000, 0x0000000087400000| Untracked 
|  85|0x0000000087500000, 0x0000000087500000, 0x0000000087600000|  0%| F|  |TAMS 0x0000000087500000, 0x0000000087500000| Untracked 
|  86|0x0000000087600000, 0x0000000087600000, 0x0000000087700000|  0%| F|  |TAMS 0x0000000087600000, 0x0000000087600000| Untracked 
|  87|0x0000000087700000, 0x0000000087700000, 0x0000000087800000|  0%| F|  |TAMS 0x0000000087700000, 0x0000000087700000| Untracked 
|  88|0x0000000087800000, 0x0000000087800000, 0x0000000087900000|  0%| F|  |TAMS 0x0000000087800000, 0x0000000087800000| Untracked 
|  89|0x0000000087900000, 0x0000000087900000, 0x0000000087a00000|  0%| F|  |TAMS 0x0000000087900000, 0x0000000087900000| Untracked 
|  90|0x0000000087a00000, 0x0000000087a00000, 0x0000000087b00000|  0%| F|  |TAMS 0x0000000087a00000, 0x0000000087a00000| Untracked 
|  91|0x0000000087b00000, 0x0000000087b00000, 0x0000000087c00000|  0%| F|  |TAMS 0x0000000087b00000, 0x0000000087b00000| Untracked 
|  92|0x0000000087c00000, 0x0000000087c00000, 0x0000000087d00000|  0%| F|  |TAMS 0x0000000087c00000, 0x0000000087c00000| Untracked 
|  93|0x0000000087d00000, 0x0000000087d00000, 0x0000000087e00000|  0%| F|  |TAMS 0x0000000087d00000, 0x0000000087d00000| Untracked 
|  94|0x0000000087e00000, 0x0000000087e00000, 0x0000000087f00000|  0%| F|  |TAMS 0x0000000087e00000, 0x0000000087e00000| Untracked 
|  95|0x0000000087f00000, 0x0000000087f00000, 0x0000000088000000|  0%| F|  |TAMS 0x0000000087f00000, 0x0000000087f00000| Untracked 
|  96|0x0000000088000000, 0x0000000088000000, 0x0000000088100000|  0%| F|  |TAMS 0x0000000088000000, 0x0000000088000000| Untracked 
|  97|0x0000000088100000, 0x0000000088100000, 0x0000000088200000|  0%| F|  |TAMS 0x0000000088100000, 0x0000000088100000| Untracked 
|  98|0x0000000088200000, 0x0000000088200000, 0x0000000088300000|  0%| F|  |TAMS 0x0000000088200000, 0x0000000088200000| Untracked 
|  99|0x0000000088300000, 0x0000000088300000, 0x0000000088400000|  0%| F|  |TAMS 0x0000000088300000, 0x0000000088300000| Untracked 
| 100|0x0000000088400000, 0x0000000088400000, 0x0000000088500000|  0%| F|  |TAMS 0x0000000088400000, 0x0000000088400000| Untracked 
| 101|0x0000000088500000, 0x0000000088500000, 0x0000000088600000|  0%| F|  |TAMS 0x0000000088500000, 0x0000000088500000| Untracked 
| 102|0x0000000088600000, 0x0000000088600000, 0x0000000088700000|  0%| F|  |TAMS 0x0000000088600000, 0x0000000088600000| Untracked 
| 103|0x0000000088700000, 0x0000000088700000, 0x0000000088800000|  0%| F|  |TAMS 0x0000000088700000, 0x0000000088700000| Untracked 
| 104|0x0000000088800000, 0x0000000088800000, 0x0000000088900000|  0%| F|  |TAMS 0x0000000088800000, 0x0000000088800000| Untracked 
| 105|0x0000000088900000, 0x0000000088900000, 0x0000000088a00000|  0%| F|  |TAMS 0x0000000088900000, 0x0000000088900000| Untracked 
| 106|0x0000000088a00000, 0x0000000088a00000, 0x0000000088b00000|  0%| F|  |TAMS 0x0000000088a00000, 0x0000000088a00000| Untracked 
| 107|0x0000000088b00000, 0x0000000088b00000, 0x0000000088c00000|  0%| F|  |TAMS 0x0000000088b00000, 0x0000000088b00000| Untracked 
| 108|0x0000000088c00000, 0x0000000088c00000, 0x0000000088d00000|  0%| F|  |TAMS 0x0000000088c00000, 0x0000000088c00000| Untracked 
| 109|0x0000000088d00000, 0x0000000088d00000, 0x0000000088e00000|  0%| F|  |TAMS 0x0000000088d00000, 0x0000000088d00000| Untracked 
| 110|0x0000000088e00000, 0x0000000088e00000, 0x0000000088f00000|  0%| F|  |TAMS 0x0000000088e00000, 0x0000000088e00000| Untracked 
| 111|0x0000000088f00000, 0x0000000088f00000, 0x0000000089000000|  0%| F|  |TAMS 0x0000000088f00000, 0x0000000088f00000| Untracked 
| 112|0x0000000089000000, 0x0000000089000000, 0x0000000089100000|  0%| F|  |TAMS 0x0000000089000000, 0x0000000089000000| Untracked 
| 113|0x0000000089100000, 0x0000000089100000, 0x0000000089200000|  0%| F|  |TAMS 0x0000000089100000, 0x0000000089100000| Untracked 
| 114|0x0000000089200000, 0x0000000089200000, 0x0000000089300000|  0%| F|  |TAMS 0x0000000089200000, 0x0000000089200000| Untracked 
| 115|0x0000000089300000, 0x0000000089300000, 0x0000000089400000|  0%| F|  |TAMS 0x0000000089300000, 0x0000000089300000| Untracked 
| 116|0x0000000089400000, 0x0000000089400000, 0x0000000089500000|  0%| F|  |TAMS 0x0000000089400000, 0x0000000089400000| Untracked 
| 117|0x0000000089500000, 0x0000000089500000, 0x0000000089600000|  0%| F|  |TAMS 0x0000000089500000, 0x0000000089500000| Untracked 
| 118|0x0000000089600000, 0x0000000089600000, 0x0000000089700000|  0%| F|  |TAMS 0x0000000089600000, 0x0000000089600000| Untracked 
| 119|0x0000000089700000, 0x0000000089700000, 0x0000000089800000|  0%| F|  |TAMS 0x0000000089700000, 0x0000000089700000| Untracked 
| 120|0x0000000089800000, 0x0000000089800000, 0x0000000089900000|  0%| F|  |TAMS 0x0000000089800000, 0x0000000089800000| Untracked 
| 121|0x0000000089900000, 0x0000000089900000, 0x0000000089a00000|  0%| F|  |TAMS 0x0000000089900000, 0x0000000089900000| Untracked 
| 122|0x0000000089a00000, 0x0000000089a00000, 0x0000000089b00000|  0%| F|  |TAMS 0x0000000089a00000, 0x0000000089a00000| Untracked 
| 123|0x0000000089b00000, 0x0000000089b00000, 0x0000000089c00000|  0%| F|  |TAMS 0x0000000089b00000, 0x0000000089b00000| Untracked 
| 124|0x0000000089c00000, 0x0000000089c00000, 0x0000000089d00000|  0%| F|  |TAMS 0x0000000089c00000, 0x0000000089c00000| Untracked 
| 125|0x0000000089d00000, 0x0000000089d00000, 0x0000000089e00000|  0%| F|  |TAMS 0x0000000089d00000, 0x0000000089d00000| Untracked 
| 126|0x0000000089e00000, 0x0000000089e00000, 0x0000000089f00000|  0%| F|  |TAMS 0x0000000089e00000, 0x0000000089e00000| Untracked 
| 127|0x0000000089f00000, 0x0000000089f00000, 0x000000008a000000|  0%| F|  |TAMS 0x0000000089f00000, 0x0000000089f00000| Untracked 
| 128|0x000000008a000000, 0x000000008a000000, 0x000000008a100000|  0%| F|  |TAMS 0x000000008a000000, 0x000000008a000000| Untracked 
| 129|0x000000008a100000, 0x000000008a100000, 0x000000008a200000|  0%| F|  |TAMS 0x000000008a100000, 0x000000008a100000| Untracked 
| 130|0x000000008a200000, 0x000000008a200000, 0x000000008a300000|  0%| F|  |TAMS 0x000000008a200000, 0x000000008a200000| Untracked 
| 131|0x000000008a300000, 0x000000008a300000, 0x000000008a400000|  0%| F|  |TAMS 0x000000008a300000, 0x000000008a300000| Untracked 
| 132|0x000000008a400000, 0x000000008a400000, 0x000000008a500000|  0%| F|  |TAMS 0x000000008a400000, 0x000000008a400000| Untracked 
| 133|0x000000008a500000, 0x000000008a500000, 0x000000008a600000|  0%| F|  |TAMS 0x000000008a500000, 0x000000008a500000| Untracked 
| 134|0x000000008a600000, 0x000000008a600000, 0x000000008a700000|  0%| F|  |TAMS 0x000000008a600000, 0x000000008a600000| Untracked 
| 135|0x000000008a700000, 0x000000008a700000, 0x000000008a800000|  0%| F|  |TAMS 0x000000008a700000, 0x000000008a700000| Untracked 
| 136|0x000000008a800000, 0x000000008a800000, 0x000000008a900000|  0%| F|  |TAMS 0x000000008a800000, 0x000000008a800000| Untracked 
| 137|0x000000008a900000, 0x000000008a900000, 0x000000008aa00000|  0%| F|  |TAMS 0x000000008a900000, 0x000000008a900000| Untracked 
| 138|0x000000008aa00000, 0x000000008aa00000, 0x000000008ab00000|  0%| F|  |TAMS 0x000000008aa00000, 0x000000008aa00000| Untracked 
| 139|0x000000008ab00000, 0x000000008ab00000, 0x000000008ac00000|  0%| F|  |TAMS 0x000000008ab00000, 0x000000008ab00000| Untracked 
| 140|0x000000008ac00000, 0x000000008ac00000, 0x000000008ad00000|  0%| F|  |TAMS 0x000000008ac00000, 0x000000008ac00000| Untracked 
| 141|0x000000008ad00000, 0x000000008ad00000, 0x000000008ae00000|  0%| F|  |TAMS 0x000000008ad00000, 0x000000008ad00000| Untracked 
| 142|0x000000008ae00000, 0x000000008ae00000, 0x000000008af00000|  0%| F|  |TAMS 0x000000008ae00000, 0x000000008ae00000| Untracked 
| 143|0x000000008af00000, 0x000000008af00000, 0x000000008b000000|  0%| F|  |TAMS 0x000000008af00000, 0x000000008af00000| Untracked 
| 144|0x000000008b000000, 0x000000008b000000, 0x000000008b100000|  0%| F|  |TAMS 0x000000008b000000, 0x000000008b000000| Untracked 
| 145|0x000000008b100000, 0x000000008b100000, 0x000000008b200000|  0%| F|  |TAMS 0x000000008b100000, 0x000000008b100000| Untracked 
| 146|0x000000008b200000, 0x000000008b200000, 0x000000008b300000|  0%| F|  |TAMS 0x000000008b200000, 0x000000008b200000| Untracked 
| 147|0x000000008b300000, 0x000000008b380800, 0x000000008b400000| 50%| E|  |TAMS 0x000000008b300000, 0x000000008b300000| Complete 
| 148|0x000000008b400000, 0x000000008b480000, 0x000000008b500000| 50%| S|CS|TAMS 0x000000008b400000, 0x000000008b400000| Complete 
| 149|0x000000008b500000, 0x000000008b600000, 0x000000008b600000|100%| S|CS|TAMS 0x000000008b500000, 0x000000008b500000| Complete 
| 150|0x000000008b600000, 0x000000008b700000, 0x000000008b700000|100%| E|CS|TAMS 0x000000008b600000, 0x000000008b600000| Complete 
| 151|0x000000008b700000, 0x000000008b800000, 0x000000008b800000|100%| E|CS|TAMS 0x000000008b700000, 0x000000008b700000| Complete 

Card table byte_map: [0x000001fbfe660000,0x000001fbfea50000] _byte_map_base: 0x000001fbfe250000

Marking Bits (Prev, Next): (CMBitMap*) 0x000001fbe6b11798, (CMBitMap*) 0x000001fbe6b117d0
 Prev Bits: [0x000001fb80000000, 0x000001fb81f80000)
 Next Bits: [0x000001fb81f80000, 0x000001fb83f00000)

Polling page: 0x000001fbe62b0000

Metaspace:

Usage:
  Non-class:     31.17 MB capacity,    30.67 MB ( 98%) used,   435.66 KB (  1%) free+waste,    73.50 KB ( <1%) overhead. 
      Class:      4.07 MB capacity,     3.74 MB ( 92%) used,   303.88 KB (  7%) free+waste,    32.38 KB ( <1%) overhead. 
       Both:     35.23 MB capacity,    34.41 MB ( 98%) used,   739.53 KB (  2%) free+waste,   105.88 KB ( <1%) overhead. 

Virtual space:
  Non-class space:       32.00 MB reserved,      31.17 MB ( 97%) committed 
      Class space:        1.00 GB reserved,       4.12 MB ( <1%) committed 
             Both:        1.03 GB reserved,      35.30 MB (  3%) committed 

Chunk freelists:
   Non-Class:  6.00 KB
       Class:  0 bytes
        Both:  6.00 KB

MaxMetaspaceSize: 17179869184.00 GB
CompressedClassSpaceSize: 1.00 GB
Initial GC threshold: 20.80 MB
Current GC threshold: 58.83 MB
CDS: off

CodeHeap 'non-profiled nmethods': size=120064Kb used=2546Kb max_used=2546Kb free=117517Kb
 bounds [0x000001fbf6d30000, 0x000001fbf6fb0000, 0x000001fbfe270000]
CodeHeap 'profiled nmethods': size=120000Kb used=10965Kb max_used=10965Kb free=109034Kb
 bounds [0x000001fbef800000, 0x000001fbf02c0000, 0x000001fbf6d30000]
CodeHeap 'non-nmethods': size=5696Kb used=1203Kb max_used=1237Kb free=4492Kb
 bounds [0x000001fbef270000, 0x000001fbef4e0000, 0x000001fbef800000]
 total_blobs=5430 nmethods=4959 adapters=383
 compilation: enabled
              stopped_count=0, restarted_count=0
 full_count=0

Compilation events (20 events):
Event: 12.189 Thread 0x000001fbff354800 4877       3       com.sun.tools.javac.code.Scope$ScopeImpl::lookup (71 bytes)
Event: 12.189 Thread 0x000001fbff354800 nmethod 4877 0x000001fbf0282290 code [0x000001fbf0282480, 0x000001fbf0282958]
Event: 12.189 Thread 0x000001fbff354800 4878       3       com.sun.tools.javac.code.Symtab::lookupPackage (259 bytes)
Event: 12.191 Thread 0x000001fbff354800 nmethod 4878 0x000001fbf0282b10 code [0x000001fbf0282fa0, 0x000001fbf0285a48]
Event: 12.191 Thread 0x000001fbff354800 4879       3       com.sun.tools.javac.code.Symtab::lookupPackage (8 bytes)
Event: 12.191 Thread 0x000001fbff354800 nmethod 4879 0x000001fbf0286510 code [0x000001fbf02866c0, 0x000001fbf02867e8]
Event: 12.191 Thread 0x000001fbff354800 4881       3       com.sun.tools.javac.code.Symtab::enterClass (71 bytes)
Event: 12.192 Thread 0x000001fbff354800 nmethod 4881 0x000001fbf0286890 code [0x000001fbf0286c00, 0x000001fbf0288118]
Event: 12.192 Thread 0x000001fbff354800 4885       3       com.sun.tools.javac.tree.TreeScanner::scan (10 bytes)
Event: 12.192 Thread 0x000001fbff354800 nmethod 4885 0x000001fbf0288910 code [0x000001fbf0288ac0, 0x000001fbf0288cc8]
Event: 12.192 Thread 0x000001fbff354800 4882       3       com.sun.tools.javac.code.Types$DefaultTypeVisitor::visit (7 bytes)
Event: 12.192 Thread 0x000001fbff354800 nmethod 4882 0x000001fbf0288d90 code [0x000001fbf0288f40, 0x000001fbf0289108]
Event: 12.192 Thread 0x000001fbff354800 4880       1       com.sun.tools.javac.code.Types$12::visitType (2 bytes)
Event: 12.192 Thread 0x000001fbff354800 nmethod 4880 0x000001fbf6f9d990 code [0x000001fbf6f9db40, 0x000001fbf6f9dbf8]
Event: 12.192 Thread 0x000001fbff354800 4883       3       com.sun.tools.javac.code.Type::accept (9 bytes)
Event: 12.193 Thread 0x000001fbff354800 nmethod 4883 0x000001fbf0289210 code [0x000001fbf02893c0, 0x000001fbf0289588]
Event: 12.193 Thread 0x000001fbff354800 4884       1       com.sun.tools.javac.comp.Attr$ResultInfo::needsArgumentAttr (2 bytes)
Event: 12.193 Thread 0x000001fbff354800 nmethod 4884 0x000001fbf6f9dc90 code [0x000001fbf6f9de40, 0x000001fbf6f9def8]
Event: 12.195 Thread 0x000001fbff354800 4887       3       com.sun.tools.javac.tree.JCTree::hasTag (14 bytes)
Event: 12.196 Thread 0x000001fbff354800 nmethod 4887 0x000001fbf0289690 code [0x000001fbf0289840, 0x000001fbf0289a68]

GC Heap History (13 events):
Event: 0.876 GC heap before
{Heap before GC invocations=0 (full 0):
 garbage-first heap   total 129024K, used 13312K [0x0000000082000000, 0x0000000100000000)
  region size 1024K, 14 young (14336K), 0 survivors (0K)
 Metaspace       used 11645K, capacity 11947K, committed 12288K, reserved 1060864K
  class space    used 1080K, capacity 1174K, committed 1280K, reserved 1048576K
}
Event: 0.880 GC heap after
{Heap after GC invocations=1 (full 0):
 garbage-first heap   total 129024K, used 3258K [0x0000000082000000, 0x0000000100000000)
  region size 1024K, 2 young (2048K), 2 survivors (2048K)
 Metaspace       used 11645K, capacity 11947K, committed 12288K, reserved 1060864K
  class space    used 1080K, capacity 1174K, committed 1280K, reserved 1048576K
}
Event: 1.065 GC heap before
{Heap before GC invocations=1 (full 0):
 garbage-first heap   total 129024K, used 12474K [0x0000000082000000, 0x0000000100000000)
  region size 1024K, 11 young (11264K), 2 survivors (2048K)
 Metaspace       used 14002K, capacity 14360K, committed 14592K, reserved 1062912K
  class space    used 1393K, capacity 1489K, committed 1536K, reserved 1048576K
}
Event: 1.069 GC heap after
{Heap after GC invocations=2 (full 0):
 garbage-first heap   total 129024K, used 3958K [0x0000000082000000, 0x0000000100000000)
  region size 1024K, 1 young (1024K), 1 survivors (1024K)
 Metaspace       used 14002K, capacity 14360K, committed 14592K, reserved 1062912K
  class space    used 1393K, capacity 1489K, committed 1536K, reserved 1048576K
}
Event: 1.549 GC heap before
{Heap before GC invocations=2 (full 0):
 garbage-first heap   total 129024K, used 32630K [0x0000000082000000, 0x0000000100000000)
  region size 1024K, 29 young (29696K), 1 survivors (1024K)
 Metaspace       used 16756K, capacity 17147K, committed 17280K, reserved 1064960K
  class space    used 1684K, capacity 1795K, committed 1920K, reserved 1048576K
}
Event: 1.554 GC heap after
{Heap after GC invocations=3 (full 0):
 garbage-first heap   total 129024K, used 5237K [0x0000000082000000, 0x0000000100000000)
  region size 1024K, 2 young (2048K), 2 survivors (2048K)
 Metaspace       used 16756K, capacity 17147K, committed 17280K, reserved 1064960K
  class space    used 1684K, capacity 1795K, committed 1920K, reserved 1048576K
}
Event: 2.134 GC heap before
{Heap before GC invocations=3 (full 0):
 garbage-first heap   total 129024K, used 29813K [0x0000000082000000, 0x0000000100000000)
  region size 1024K, 27 young (27648K), 2 survivors (2048K)
 Metaspace       used 20835K, capacity 21187K, committed 21296K, reserved 1069056K
  class space    used 2226K, capacity 2371K, committed 2432K, reserved 1048576K
}
Event: 2.140 GC heap after
{Heap after GC invocations=4 (full 0):
 garbage-first heap   total 129024K, used 6874K [0x0000000082000000, 0x0000000100000000)
  region size 1024K, 4 young (4096K), 4 survivors (4096K)
 Metaspace       used 20835K, capacity 21187K, committed 21296K, reserved 1069056K
  class space    used 2226K, capacity 2371K, committed 2432K, reserved 1048576K
}
Event: 6.417 GC heap before
{Heap before GC invocations=5 (full 0):
 garbage-first heap   total 129024K, used 59098K [0x0000000082000000, 0x0000000100000000)
  region size 1024K, 55 young (56320K), 4 survivors (4096K)
 Metaspace       used 25487K, capacity 26118K, committed 26160K, reserved 1073152K
  class space    used 2733K, capacity 2928K, committed 2944K, reserved 1048576K
}
Event: 6.441 GC heap after
{Heap after GC invocations=6 (full 0):
 garbage-first heap   total 129024K, used 10412K [0x0000000082000000, 0x0000000100000000)
  region size 1024K, 7 young (7168K), 7 survivors (7168K)
 Metaspace       used 25487K, capacity 26118K, committed 26160K, reserved 1073152K
  class space    used 2733K, capacity 2928K, committed 2944K, reserved 1048576K
}
Event: 12.113 GC heap before
{Heap before GC invocations=6 (full 0):
 garbage-first heap   total 129024K, used 75948K [0x0000000082000000, 0x0000000100000000)
  region size 1024K, 71 young (72704K), 7 survivors (7168K)
 Metaspace       used 34383K, capacity 35274K, committed 35504K, reserved 1081344K
  class space    used 3730K, capacity 4067K, committed 4096K, reserved 1048576K
}
Event: 12.131 GC heap after
{Heap after GC invocations=7 (full 0):
 garbage-first heap   total 155648K, used 16069K [0x0000000082000000, 0x0000000100000000)
  region size 1024K, 9 young (9216K), 9 survivors (9216K)
 Metaspace       used 34383K, capacity 35274K, committed 35504K, reserved 1081344K
  class space    used 3730K, capacity 4067K, committed 4096K, reserved 1048576K
}
Event: 12.197 GC heap before
{Heap before GC invocations=7 (full 0):
 garbage-first heap   total 155648K, used 17093K [0x0000000082000000, 0x0000000100000000)
  region size 1024K, 11 young (11264K), 9 survivors (9216K)
 Metaspace       used 34869K, capacity 35773K, committed 35888K, reserved 1081344K
  class space    used 3784K, capacity 4126K, committed 4224K, reserved 1048576K
}

Deoptimization events (20 events):
Event: 12.041 Thread 0x000001fbe6ad1800 Uncommon trap: trap_request=0xffffffd6 fr.pc=0x000001fbf6f97118 relative=0x0000000000000738
Event: 12.041 Thread 0x000001fbe6ad1800 Uncommon trap: reason=array_check action=maybe_recompile pc=0x000001fbf6f97118 method=java.util.TimSort.binarySort([Ljava/lang/Object;IIILjava/util/Comparator;)V @ 193 c2
Event: 12.041 Thread 0x000001fbe6ad1800 DEOPT PACKING pc=0x000001fbf6f97118 sp=0x0000004cdd8fc490
Event: 12.041 Thread 0x000001fbe6ad1800 DEOPT UNPACKING pc=0x000001fbef2ba1af sp=0x0000004cdd8fc438 mode 2
Event: 12.057 Thread 0x000001fbe6ad1800 Uncommon trap: trap_request=0xffffff4d fr.pc=0x000001fbf6f1509c relative=0x000000000000007c
Event: 12.057 Thread 0x000001fbe6ad1800 Uncommon trap: reason=unstable_if action=reinterpret pc=0x000001fbf6f1509c method=java.util.Spliterator.getExactSizeIfKnown()J @ 9 c2
Event: 12.057 Thread 0x000001fbe6ad1800 DEOPT PACKING pc=0x000001fbf6f1509c sp=0x0000004cdd8fc7b0
Event: 12.057 Thread 0x000001fbe6ad1800 DEOPT UNPACKING pc=0x000001fbef2ba1af sp=0x0000004cdd8fc748 mode 2
Event: 12.162 Thread 0x000001fbe6ad1800 Uncommon trap: trap_request=0xffffffd6 fr.pc=0x000001fbf6f9703c relative=0x000000000000065c
Event: 12.162 Thread 0x000001fbe6ad1800 Uncommon trap: reason=array_check action=maybe_recompile pc=0x000001fbf6f9703c method=java.util.TimSort.binarySort([Ljava/lang/Object;IIILjava/util/Comparator;)V @ 215 c2
Event: 12.162 Thread 0x000001fbe6ad1800 DEOPT PACKING pc=0x000001fbf6f9703c sp=0x0000004cdd8fc500
Event: 12.162 Thread 0x000001fbe6ad1800 DEOPT UNPACKING pc=0x000001fbef2ba1af sp=0x0000004cdd8fc4a8 mode 2
Event: 12.164 Thread 0x000001fbe6ad1800 Uncommon trap: trap_request=0xffffffd6 fr.pc=0x000001fbf6f97260 relative=0x0000000000000880
Event: 12.164 Thread 0x000001fbe6ad1800 Uncommon trap: reason=array_check action=maybe_recompile pc=0x000001fbf6f97260 method=java.util.TimSort.binarySort([Ljava/lang/Object;IIILjava/util/Comparator;)V @ 183 c2
Event: 12.164 Thread 0x000001fbe6ad1800 DEOPT PACKING pc=0x000001fbf6f97260 sp=0x0000004cdd8fc500
Event: 12.164 Thread 0x000001fbe6ad1800 DEOPT UNPACKING pc=0x000001fbef2ba1af sp=0x0000004cdd8fc4a8 mode 2
Event: 12.165 Thread 0x000001fbe6ad1800 Uncommon trap: trap_request=0xffffffd6 fr.pc=0x000001fbf6f97118 relative=0x0000000000000738
Event: 12.165 Thread 0x000001fbe6ad1800 Uncommon trap: reason=array_check action=maybe_recompile pc=0x000001fbf6f97118 method=java.util.TimSort.binarySort([Ljava/lang/Object;IIILjava/util/Comparator;)V @ 193 c2
Event: 12.165 Thread 0x000001fbe6ad1800 DEOPT PACKING pc=0x000001fbf6f97118 sp=0x0000004cdd8fc280
Event: 12.165 Thread 0x000001fbe6ad1800 DEOPT UNPACKING pc=0x000001fbef2ba1af sp=0x0000004cdd8fc228 mode 2

Classes redefined (0 events):
No events

Internal exceptions (20 events):
Event: 12.000 Thread 0x000001fbe6ad1800 Exception <a 'sun/nio/fs/WindowsException'{0x0000000085cd96f8}> (0x0000000085cd96f8) thrown at [s\src\hotspot\share\prims\jni.cpp, line 617]
Event: 12.000 Thread 0x000001fbe6ad1800 Exception <a 'sun/nio/fs/WindowsException'{0x0000000085cda718}> (0x0000000085cda718) thrown at [s\src\hotspot\share\prims\jni.cpp, line 617]
Event: 12.000 Thread 0x000001fbe6ad1800 Exception <a 'sun/nio/fs/WindowsException'{0x0000000085cdaa68}> (0x0000000085cdaa68) thrown at [s\src\hotspot\share\prims\jni.cpp, line 617]
Event: 12.001 Thread 0x000001fbe6ad1800 Exception <a 'sun/nio/fs/WindowsException'{0x0000000085cdbb40}> (0x0000000085cdbb40) thrown at [s\src\hotspot\share\prims\jni.cpp, line 617]
Event: 12.001 Thread 0x000001fbe6ad1800 Exception <a 'sun/nio/fs/WindowsException'{0x0000000085cdbe10}> (0x0000000085cdbe10) thrown at [s\src\hotspot\share\prims\jni.cpp, line 617]
Event: 12.055 Thread 0x000001fbe6ad1800 Exception <a 'sun/nio/fs/WindowsException'{0x0000000085907f58}> (0x0000000085907f58) thrown at [s\src\hotspot\share\prims\jni.cpp, line 617]
Event: 12.055 Thread 0x000001fbe6ad1800 Exception <a 'sun/nio/fs/WindowsException'{0x00000000859081f8}> (0x00000000859081f8) thrown at [s\src\hotspot\share\prims\jni.cpp, line 617]
Event: 12.055 Thread 0x000001fbe6ad1800 Exception <a 'sun/nio/fs/WindowsException'{0x00000000859091a0}> (0x00000000859091a0) thrown at [s\src\hotspot\share\prims\jni.cpp, line 617]
Event: 12.055 Thread 0x000001fbe6ad1800 Exception <a 'sun/nio/fs/WindowsException'{0x0000000085909400}> (0x0000000085909400) thrown at [s\src\hotspot\share\prims\jni.cpp, line 617]
Event: 12.056 Thread 0x000001fbe6ad1800 Exception <a 'sun/nio/fs/WindowsException'{0x000000008590e998}> (0x000000008590e998) thrown at [s\src\hotspot\share\prims\jni.cpp, line 617]
Event: 12.058 Thread 0x000001fbe6ad1800 Exception <a 'sun/nio/fs/WindowsException'{0x0000000085913f30}> (0x0000000085913f30) thrown at [s\src\hotspot\share\prims\jni.cpp, line 617]
Event: 12.058 Thread 0x000001fbe6ad1800 Exception <a 'sun/nio/fs/WindowsException'{0x0000000085914260}> (0x0000000085914260) thrown at [s\src\hotspot\share\prims\jni.cpp, line 617]
Event: 12.060 Thread 0x000001fbe6ad1800 Exception <a 'java/lang/NoSuchMethodError'{0x000000008591ebe8}: 'int java.lang.invoke.DirectMethodHandle$Holder.invokeSpecial(java.lang.Object, java.lang.Object, java.lang.Object, java.lang.Object, java.lang.Object)'> (0x000000008591ebe8) thrown at [s\src\hotspot\share\interpreter\linkResolver.cpp, line 773]
Event: 12.087 Thread 0x000001fbe6ad1800 Exception <a 'sun/nio/fs/WindowsException'{0x00000000857ba6e8}> (0x00000000857ba6e8) thrown at [s\src\hotspot\share\prims\jni.cpp, line 617]
Event: 12.087 Thread 0x000001fbe6ad1800 Exception <a 'sun/nio/fs/WindowsException'{0x00000000857ba958}> (0x00000000857ba958) thrown at [s\src\hotspot\share\prims\jni.cpp, line 617]
Event: 12.087 Thread 0x000001fbe6ad1800 Exception <a 'sun/nio/fs/WindowsException'{0x00000000857bb788}> (0x00000000857bb788) thrown at [s\src\hotspot\share\prims\jni.cpp, line 617]
Event: 12.088 Thread 0x000001fbe6ad1800 Exception <a 'sun/nio/fs/WindowsException'{0x00000000857bb9b0}> (0x00000000857bb9b0) thrown at [s\src\hotspot\share\prims\jni.cpp, line 617]
Event: 12.088 Thread 0x000001fbe6ad1800 Exception <a 'sun/nio/fs/WindowsException'{0x00000000857bc980}> (0x00000000857bc980) thrown at [s\src\hotspot\share\prims\jni.cpp, line 617]
Event: 12.089 Thread 0x000001fbe6ad1800 Exception <a 'sun/nio/fs/WindowsException'{0x00000000857beba8}> (0x00000000857beba8) thrown at [s\src\hotspot\share\prims\jni.cpp, line 617]
Event: 12.089 Thread 0x000001fbe6ad1800 Exception <a 'sun/nio/fs/WindowsException'{0x00000000857beea0}> (0x00000000857beea0) thrown at [s\src\hotspot\share\prims\jni.cpp, line 617]

Events (20 events):
Event: 12.186 loading class com/sun/tools/javac/comp/Operators$UnaryOperatorHelper done
Event: 12.186 loading class com/sun/tools/javac/code/Type
Event: 12.186 loading class com/sun/tools/javac/code/Type done
Event: 12.187 loading class com/sun/tools/javac/code/Type
Event: 12.187 loading class com/sun/tools/javac/code/Type done
Event: 12.187 loading class com/sun/tools/javac/comp/Operators$UnaryOperatorHelper
Event: 12.187 loading class com/sun/tools/javac/comp/Operators$UnaryOperatorHelper done
Event: 12.187 loading class com/sun/tools/javac/code/Type
Event: 12.187 loading class com/sun/tools/javac/code/Type done
Event: 12.187 loading class com/sun/tools/javac/util/JCDiagnostic$DiagnosticPosition
Event: 12.187 loading class com/sun/tools/javac/util/JCDiagnostic$DiagnosticPosition done
Event: 12.187 loading class com/sun/tools/javac/comp/Operators
Event: 12.187 loading class com/sun/tools/javac/comp/Operators done
Event: 12.187 loading class com/sun/tools/javac/code/Type
Event: 12.187 loading class com/sun/tools/javac/code/Type done
Event: 12.187 loading class com/sun/tools/javac/code/Symbol$OperatorSymbol
Event: 12.187 loading class com/sun/tools/javac/code/Symbol$OperatorSymbol done
Event: 12.187 loading class com/sun/tools/javac/comp/Operators$UnaryOperatorHelper
Event: 12.187 loading class com/sun/tools/javac/comp/Operators$UnaryOperatorHelper done
Event: 12.197 Executing VM operation: CollectForMetadataAllocation


Dynamic libraries:
0x00007ff6632b0000 - 0x00007ff6632be000 	C:\Users\MariMax\.jdks\corretto-11.0.22\bin\java.exe
0x00007fff8ca50000 - 0x00007fff8cc48000 	C:\Windows\SYSTEM32\ntdll.dll
0x00007fff8c940000 - 0x00007fff8c9fd000 	C:\Windows\System32\KERNEL32.DLL
0x00007fff8a600000 - 0x00007fff8a8f6000 	C:\Windows\System32\KERNELBASE.dll
0x00007fff8a4d0000 - 0x00007fff8a5d0000 	C:\Windows\System32\ucrtbase.dll
0x00007fff70e90000 - 0x00007fff70ea7000 	C:\Users\MariMax\.jdks\corretto-11.0.22\bin\jli.dll
0x00007fff8ab30000 - 0x00007fff8acce000 	C:\Windows\System32\USER32.dll
0x00007fff8a5d0000 - 0x00007fff8a5f2000 	C:\Windows\System32\win32u.dll
0x00007fff8ae90000 - 0x00007fff8aebc000 	C:\Windows\System32\GDI32.dll
0x00007fff8a900000 - 0x00007fff8aa1a000 	C:\Windows\System32\gdi32full.dll
0x00007fff8a130000 - 0x00007fff8a1cd000 	C:\Windows\System32\msvcp_win.dll
0x00007fff70170000 - 0x00007fff7018b000 	C:\Users\MariMax\.jdks\corretto-11.0.22\bin\VCRUNTIME140.dll
0x00007fff6cea0000 - 0x00007fff6d13a000 	C:\Windows\WinSxS\amd64_microsoft.windows.common-controls_6595b64144ccf1df_6.0.19041.1110_none_60b5254171f9507e\COMCTL32.dll
0x00007fff8b530000 - 0x00007fff8b5ce000 	C:\Windows\System32\msvcrt.dll
0x00007fff8b9e0000 - 0x00007fff8ba10000 	C:\Windows\System32\IMM32.DLL
0x00007fff70e80000 - 0x00007fff70e8c000 	C:\Users\MariMax\.jdks\corretto-11.0.22\bin\vcruntime140_1.dll
0x00007fff690c0000 - 0x00007fff6914d000 	C:\Users\MariMax\.jdks\corretto-11.0.22\bin\msvcp140.dll
0x00007fff38890000 - 0x00007fff39453000 	C:\Users\MariMax\.jdks\corretto-11.0.22\bin\server\jvm.dll
0x00007fff8c760000 - 0x00007fff8c80e000 	C:\Windows\System32\ADVAPI32.dll
0x00007fff8ba70000 - 0x00007fff8bb0c000 	C:\Windows\System32\sechost.dll
0x00007fff8c810000 - 0x00007fff8c936000 	C:\Windows\System32\RPCRT4.dll
0x00007fff8ca00000 - 0x00007fff8ca08000 	C:\Windows\System32\PSAPI.DLL
0x00007fff7acc0000 - 0x00007fff7acc9000 	C:\Windows\SYSTEM32\WSOCK32.dll
0x00007fff8b970000 - 0x00007fff8b9db000 	C:\Windows\System32\WS2_32.dll
0x00007fff7ac30000 - 0x00007fff7ac57000 	C:\Windows\SYSTEM32\WINMM.dll
0x00007fff852a0000 - 0x00007fff852aa000 	C:\Windows\SYSTEM32\VERSION.dll
0x00007fff87fa0000 - 0x00007fff87fb2000 	C:\Windows\SYSTEM32\kernel.appcore.dll
0x00007fff703e0000 - 0x00007fff703f0000 	C:\Users\MariMax\.jdks\corretto-11.0.22\bin\verify.dll
0x00007fff7a3c0000 - 0x00007fff7a5a4000 	C:\Windows\SYSTEM32\DBGHELP.DLL
0x00007fff6a9d0000 - 0x00007fff6aa04000 	C:\Windows\SYSTEM32\dbgcore.DLL
0x00007fff8aa20000 - 0x00007fff8aaa2000 	C:\Windows\System32\bcryptPrimitives.dll
0x00007fff6f8a0000 - 0x00007fff6f8c8000 	C:\Users\MariMax\.jdks\corretto-11.0.22\bin\java.dll
0x00007fff6f940000 - 0x00007fff6f94a000 	C:\Users\MariMax\.jdks\corretto-11.0.22\bin\jimage.dll
0x00007fff7bdf0000 - 0x00007fff7bdfe000 	C:\Users\MariMax\.jdks\corretto-11.0.22\bin\instrument.dll
0x00007fff6f460000 - 0x00007fff6f478000 	C:\Users\MariMax\.jdks\corretto-11.0.22\bin\zip.dll
0x00007fff8bfb0000 - 0x00007fff8c6f5000 	C:\Windows\System32\SHELL32.dll
0x00007fff881a0000 - 0x00007fff8893b000 	C:\Windows\SYSTEM32\windows.storage.dll
0x00007fff8bc50000 - 0x00007fff8bfa4000 	C:\Windows\System32\combase.dll
0x00007fff899c0000 - 0x00007fff899ee000 	C:\Windows\SYSTEM32\Wldp.dll
0x00007fff8aec0000 - 0x00007fff8af6d000 	C:\Windows\System32\SHCORE.dll
0x00007fff8aad0000 - 0x00007fff8ab25000 	C:\Windows\System32\shlwapi.dll
0x00007fff8a060000 - 0x00007fff8a085000 	C:\Windows\SYSTEM32\profapi.dll
0x00007fff6e940000 - 0x00007fff6e959000 	C:\Users\MariMax\.jdks\corretto-11.0.22\bin\net.dll
0x00007fff84ec0000 - 0x00007fff84fca000 	C:\Windows\SYSTEM32\WINHTTP.dll
0x00007fff897a0000 - 0x00007fff8980a000 	C:\Windows\system32\mswsock.dll
0x00007fff6d890000 - 0x00007fff6d8a2000 	C:\Users\MariMax\.jdks\corretto-11.0.22\bin\nio.dll
0x00007fff7aea0000 - 0x00007fff7aeba000 	C:\Program Files\JetBrains\IntelliJ IDEA Community Edition 2023.3.6\bin\breakgen64.dll
0x0000000069ac0000 - 0x0000000069ae4000 	C:\Temp\jansi-2.4.0-8addfb64e01357cd-jansi.dll

dbghelp: loaded successfully - version: 4.0.5 - missing functions: none
symbol engine: initialized successfully - sym options: 0x614 - pdb path: .;C:\Users\MariMax\.jdks\corretto-11.0.22\bin;C:\Windows\SYSTEM32;C:\Windows\WinSxS\amd64_microsoft.windows.common-controls_6595b64144ccf1df_6.0.19041.1110_none_60b5254171f9507e;C:\Users\MariMax\.jdks\corretto-11.0.22\bin\server;C:\Program Files\JetBrains\IntelliJ IDEA Community Edition 2023.3.6\bin;C:\Temp

VM Arguments:
jvm_args: -Dmaven.multiModuleProjectDirectory=C:\Users\MariMax\IdeaProjects\OOPII -Djansi.passthrough=true -Dmaven.home=C:\Program Files\JetBrains\IntelliJ IDEA Community Edition 2023.3.6\plugins\maven\lib\maven3 -Dclassworlds.conf=C:\Program Files\JetBrains\IntelliJ IDEA Community Edition 2023.3.6\plugins\maven\lib\maven3\bin\m2.conf -Dmaven.ext.class.path=C:\Program Files\JetBrains\IntelliJ IDEA Community Edition 2023.3.6\plugins\maven\lib\maven-event-listener.jar -javaagent:C:\Program Files\JetBrains\IntelliJ IDEA Community Edition 2023.3.6\lib\idea_rt.jar=52975:C:\Program Files\JetBrains\IntelliJ IDEA Community Edition 2023.3.6\bin -Dfile.encoding=UTF-8 
java_command: org.codehaus.classworlds.Launcher -Didea.version=2023.3.6 clean verify
java_class_path (initial): C:\Program Files\JetBrains\IntelliJ IDEA Community Edition 2023.3.6\plugins\maven\lib\maven3\boot\plexus-classworlds-2.7.0.jar;C:\Program Files\JetBrains\IntelliJ IDEA Community Edition 2023.3.6\plugins\maven\lib\maven3\boot\plexus-classworlds.license
Launcher Type: SUN_STANDARD

[Global flags]
     intx CICompilerCount                          = 3                                         {product} {ergonomic}
     uint ConcGCThreads                            = 1                                         {product} {ergonomic}
     uint G1ConcRefinementThreads                  = 4                                         {product} {ergonomic}
   size_t G1HeapRegionSize                         = 1048576                                   {product} {ergonomic}
    uintx GCDrainStackTargetSize                   = 64                                        {product} {ergonomic}
   size_t InitialHeapSize                          = 132120576                                 {product} {ergonomic}
   size_t MarkStackSize                            = 4194304                                   {product} {ergonomic}
   size_t MaxHeapSize                              = 2113929216                                {product} {ergonomic}
   size_t MaxNewSize                               = 1267728384                                {product} {ergonomic}
   size_t MinHeapDeltaBytes                        = 1048576                                   {product} {ergonomic}
    uintx NonNMethodCodeHeapSize                   = 5830732                                {pd product} {ergonomic}
    uintx NonProfiledCodeHeapSize                  = 122913754                              {pd product} {ergonomic}
    uintx ProfiledCodeHeapSize                     = 122913754                              {pd product} {ergonomic}
    uintx ReservedCodeCacheSize                    = 251658240                              {pd product} {ergonomic}
     bool SegmentedCodeCache                       = true                                      {product} {ergonomic}
     bool UseCompressedClassPointers               = true                                 {lp64_product} {ergonomic}
     bool UseCompressedOops                        = true                                 {lp64_product} {ergonomic}
     bool UseG1GC                                  = true                                      {product} {ergonomic}
     bool UseLargePagesIndividualAllocation        = false                                  {pd product} {ergonomic}

Logging:
Log output configuration:
 #0: stdout all=warning uptime,level,tags
 #1: stderr all=off uptime,level,tags

Environment Variables:
JAVA_HOME=C:\Program Files\Eclipse Adoptium\jdk-11.0.23.9-hotspot\
PATH=C:\Program Files\Eclipse Adoptium\jdk-11.0.23.9-hotspot\bin;"c:\Windows;c:\Windows\system32";C:\Windows\system32;C:\Windows;C:\Windows\System32\Wbem;C:\Windows\System32\WindowsPowerShell\v1.0\;C:\Program Files\Git\cmd;C:\Windows\System32\OpenSSH\;;C:\Program Files\Docker\Docker\resources\bin;C:\Users\MariMax\AppData\Local\Microsoft\WindowsApps;C:\Users\MariMax\AppData\Local\Programs\Microsoft VS Code\bin
USERNAME=MariMax
OS=Windows_NT
PROCESSOR_IDENTIFIER=Intel64 Family 6 Model 94 Stepping 3, GenuineIntel
TMP=C:\Temp
TEMP=C:\Temp



---------------  S Y S T E M  ---------------

OS: Windows 10 , 64 bit Build 19041 (10.0.19041.3393)
OS uptime: 0 days 1:16 hours
Hyper-V role detected

CPU:total 4 (initial active 4) (2 cores per cpu, 2 threads per core) family 6 model 94 stepping 3 microcode 0xcc, cmov, cx8, fxsr, mmx, sse, sse2, sse3, ssse3, sse4.1, sse4.2, popcnt, avx, avx2, aes, clmul, erms, 3dnowpref, lzcnt, ht, tsc, tscinvbit, bmi1, bmi2, adx, fma

Memory: 4k page, system-wide physical 8057M (2451M free)
TotalPageFile size 12409M (AvailPageFile size 4199M)
current process WorkingSet (physical memory assigned to process): 225M, peak: 225M
current process commit charge ("private bytes"): 305M, peak: 305M

vm_info: OpenJDK 64-Bit Server VM (11.0.22+7-LTS) for windows-amd64 JRE (11.0.22+7-LTS), built on Jan 10 2024 19:54:00 by "Administrator" with MS VC++ 16.10 / 16.11 (VS2019)

END.
